#
# A fatal error has been detected by the Java Runtime Environment:
#
#  EXCEPTION_ACCESS_VIOLATION (0xc0000005) at pc=0x00007ff8a5c03004, pid=13588, tid=3708
#
# JRE version: OpenJDK Runtime Environment (24.0+36) (build 24+36-3646)
# Java VM: OpenJDK 64-Bit Server VM (24+36-3646, mixed mode, emulated-client, sharing, tiered, compressed oops, compressed class ptrs, g1 gc, windows-amd64)
# Problematic frame:
# C  [libasyncProfiler.dll+0x93004]
#
# No core dump will be written. Minidumps are not enabled by default on client versions of Windows
#
# JFR recording file will be written. Location: C:\Users\gs556\Git\Prova-PW-1\hs_err_pid13588.jfr
#
# If you would like to submit a bug report, please visit:
#   https://bugreport.java.com/bugreport/crash.jsp
# The crash happened outside the Java Virtual Machine in native code.
# See problematic frame for where to report the bug.
#

---------------  S U M M A R Y ------------

Command Line: -XX:TieredStopAtLevel=1 -Dspring.output.ansi.enabled=always -Dcom.sun.management.jmxremote -Dspring.jmx.enabled=true -Dspring.liveBeansView.mbeanDomain -Dspring.application.admin.enabled=true -Dmanagement.endpoints.jmx.exposure.include=* -javaagent:C:\Program Files\JetBrains\IntelliJ IDEA 2024.3.5\lib\idea_rt.jar=52310 -Dfile.encoding=UTF-8 -Dsun.stdout.encoding=UTF-8 -Dsun.stderr.encoding=UTF-8 com.example.provapw1.ProvaPw1Application

Host: 11th Gen Intel(R) Core(TM) i7-11800H @ 2.30GHz, 16 cores, 15G,  Windows 11 , 64 bit Build 26100 (10.0.26100.3775)
Time: Tue Apr 15 14:34:24 2025 Hora Padrão de Buenos Aires elapsed time: 117.840398 seconds (0d 0h 1m 57s)

---------------  T H R E A D  ---------------

Current thread (0x000002522ddf0b50):  JavaThread "Attach Listener" daemon [_thread_in_native, id=3708, stack(0x000000ea24e00000,0x000000ea24f00000) (1024K)]

Stack: [0x000000ea24e00000,0x000000ea24f00000],  sp=0x000000ea24eff220,  free space=1020k
Native frames: (J=compiled Java code, j=interpreted, Vv=VM code, C=native code)
C  [libasyncProfiler.dll+0x93004]  (no source info available)
C  [libasyncProfiler.dll+0x934db]  (no source info available)
C  [libasyncProfiler.dll+0x92134]  (no source info available)
C  [libasyncProfiler.dll+0x929aa]  (no source info available)
C  [libasyncProfiler.dll+0x8d561]  (no source info available)
C  [libasyncProfiler.dll+0x7ef21]  (no source info available)
C  [libasyncProfiler.dll+0x7dc38]  (no source info available)
C  [libasyncProfiler.dll+0x7db20]  (no source info available)
C  [libasyncProfiler.dll+0x84af9]  (no source info available)
V  [jvm.dll+0x57f1b7]  (no source info available)
V  [jvm.dll+0x57ff2c]  (no source info available)
V  [jvm.dll+0x14c9b7]  (no source info available)
V  [jvm.dll+0x14df81]  (no source info available)
V  [jvm.dll+0x42f566]  (no source info available)
V  [jvm.dll+0x87d8fb]  (no source info available)
V  [jvm.dll+0x72efe5]  (no source info available)
C  [ucrtbase.dll+0x37b0]  (no source info available)
C  [KERNEL32.DLL+0x2e8d7]  (no source info available)
C  [ntdll.dll+0xb14fc]  (no source info available)


siginfo: EXCEPTION_ACCESS_VIOLATION (0xc0000005), reading address 0xffffffffffffffff


Registers:
RAX=0x0000000000000010, RBX=0x0000000000000000, RCX=0xffffffffffffffff, RDX=0x007ff898cc2ff010
RSP=0x000000ea24eff220, RBP=0x0000025272a8d0b0, RSI=0x000000ea24eff390, RDI=0x0000025272a8d0b0
R8 =0x0000000000000042, R9 =0x00000007ffc039f0, R10=0x00007ff898f39fc0, R11=0x0000000000000022
R12=0x000000ea24eff390, R13=0x0000025272a289f0, R14=0x000002522ddf0f18, R15=0x000002522ddf0f18
RIP=0x00007ff8a5c03004, EFLAGS=0x0000000000010202

XMM[0]=0x0000000000000000 0x0000000000000000
XMM[1]=0x0000000000000000 0x0000000000000000
XMM[2]=0x0000000000000000 0x0000000000000000
XMM[3]=0x0000000000000000 0x0000000000000000
XMM[4]=0x0000000000000000 0x0000000000000000
XMM[5]=0x0000000000000000 0x0000000000000000
XMM[6]=0x0000000000000000 0x0000000000000000
XMM[7]=0x0000000000000000 0x0000000000000000
XMM[8]=0x0000000000000000 0x0000000000000000
XMM[9]=0x0000000000000000 0x0000000000000000
XMM[10]=0x0000000000000000 0x0000000000000000
XMM[11]=0x0000000000000000 0x0000000000000000
XMM[12]=0x0000000000000000 0x0000000000000000
XMM[13]=0x0000000000000000 0x0000000000000000
XMM[14]=0x0000000000000000 0x0000000000000000
XMM[15]=0x0000000000000000 0x0000000000000000
  MXCSR=0x00001fa0


Register to memory mapping:

RAX=0x0000000000000010 is an unknown value
RBX=0x0 is null
RCX=0xffffffffffffffff is an unknown value
RDX=0x007ff898cc2ff010 is an unknown value
RSP=0x000000ea24eff220 is pointing into the stack for thread: 0x000002522ddf0b50
RBP=0x0000025272a8d0b0 points into unknown readable memory: 0x00000007ffc039f0 | f0 39 c0 ff 07 00 00 00
RSI=0x000000ea24eff390 is pointing into the stack for thread: 0x000002522ddf0b50
RDI=0x0000025272a8d0b0 points into unknown readable memory: 0x00000007ffc039f0 | f0 39 c0 ff 07 00 00 00
R8 =0x0000000000000042 is an unknown value
R9 =0x00000007ffc039f0 is an oop: java.lang.ref.Reference$ReferenceHandler 
{0x00000007ffc039f0} - klass: 'java/lang/ref/Reference$ReferenceHandler' - flags: 

 - ---- fields (total size 14 words):
 - 'threadLocalRandomProbe' 'I' @12  0 (0x00000000)
 - private volatile 'eetop' 'J' @16  2551980142640 (0x000002522ddeb030)
 - private final 'tid' 'J' @24  15 (0x000000000000000f)
 - 'threadLocalRandomSeed' 'J' @32  0 (0x0000000000000000)
 - injected 'jvmti_thread_state' 'J' @40  2553232760736 (0x0000025278881fa0)
 - 'threadLocalRandomSecondarySeed' 'I' @48  0 (0x00000000)
 - injected 'jvmti_VTMS_transition_disable_count' 'I' @52  0 (0x00000000)
 - injected 'jfr_epoch' 'S' @56  0 (0x0000)
 - volatile 'interrupted' 'Z' @58  false (0x00)
 - injected 'jvmti_is_in_VTMS_transition' 'Z' @59  false (0x00)
 - private volatile 'name' 'Ljava/lang/String;' @60  "Reference Handler"{0x0000000703a400d8} (0xe074801b)
 - private volatile 'contextClassLoader' 'Ljava/lang/ClassLoader;' @64  null (0x00000000)
 - private final 'holder' 'Ljava/lang/Thread$FieldHolder;' @68  a 'java/lang/Thread$FieldHolder'{0x00000007ff94ed18} (0xfff29da3)
 - 'threadLocals' 'Ljava/lang/ThreadLocal$ThreadLocalMap;' @72  null (0x00000000)
 - 'inheritableThreadLocals' 'Ljava/lang/ThreadLocal$ThreadLocalMap;' @76  null (0x00000000)
 - private 'scopedValueBindings' 'Ljava/lang/Object;' @80  a 'java/lang/Class'{0x00000007ff9ed680} = 'java/lang/Thread' (0xfff3dad0)
 - final 'interruptLock' 'Ljava/lang/Object;' @84  a 'java/lang/Object'{0x00000007ff94ed08} (0xfff29da1)
 - private volatile 'parkBlocker' 'Ljava/lang/Object;' @88  null (0x00000000)
 - private 'nioBlocker' 'Lsun/nio/ch/Interruptible;' @92  null (0x00000000)
 - private 'cont' 'Ljdk/internal/vm/Continuation;' @96  null (0x00000000)
 - private volatile 'uncaughtExceptionHandler' 'Ljava/lang/Thread$UncaughtExceptionHandler;' @100  null (0x00000000)
 - private 'container' 'Ljdk/internal/vm/ThreadContainer;' @104  null (0x00000000)
 - private volatile 'headStackableScopes' 'Ljdk/internal/vm/StackableScope;' @108  null (0x00000000)
R10=0x00007ff898f39fc0 jvm.dll
R11=0x0000000000000022 is an unknown value
R12=0x000000ea24eff390 is pointing into the stack for thread: 0x000002522ddf0b50
R13=0x0000025272a289f0 points into unknown readable memory: 0x00007ff898eaa510 | 10 a5 ea 98 f8 7f 00 00
R14=0x000002522ddf0f18 points into unknown readable memory: 0x00007ff898ea17b0 | b0 17 ea 98 f8 7f 00 00
R15=0x000002522ddf0f18 points into unknown readable memory: 0x00007ff898ea17b0 | b0 17 ea 98 f8 7f 00 00

Top of Stack: (sp=0x000000ea24eff220)
0x000000ea24eff220:   000000ea24eff390 0000025272a8d0b0   ...$.......rR...
0x000000ea24eff230:   0000000000000000 000002522ddf1ad0   ...........-R...
0x000000ea24eff240:   000000000000003f 00007ff8a5c034db   ?........4......
0x000000ea24eff250:   0000000000000000 000002522ddf0f18   ...........-R...
0x000000ea24eff260:   000000ea24eff301 0000000000000000   ...$............
0x000000ea24eff270:   000002527895df40 00007ff8a5c02134   @..xR...4!......
0x000000ea24eff280:   0000000000000000 000000000000003f   ........?.......
0x000000ea24eff290:   0000000000000000 000000000000003f   ........?.......
0x000000ea24eff2a0:   0000002172826fb8 000002527272bc00   .o.r!.....rrR...
0x000000ea24eff2b0:   000002527895df40 000002527895e03c   @..xR...<..xR...
0x000000ea24eff2c0:   000002527895e03c 0000000000000ffc   <..xR...........
0x000000ea24eff2d0:   0000000000000000 0000000000000000   ................
0x000000ea24eff2e0:   0000000000000000 00007ff8987058e4   .........Xp.....
0x000000ea24eff2f0:   00007ff8a5d5ae00 0000000000003514   .........5......
0x000000ea24eff300:   00007ff8a5d5ae00 00000000ffffffff   ................
0x000000ea24eff310:   0000000000000000 00007ff8a5c029aa   .........)......
0x000000ea24eff320:   000002522ddf0f18 0000000000000000   ...-R...........
0x000000ea24eff330:   000000ea24eff399 0000025272a289f0   ...$.......rR...
0x000000ea24eff340:   0000000000000004 0000000000000048   ........H.......
0x000000ea24eff350:   0000000800800310 0000000000000020   ........ .......
0x000000ea24eff360:   000002522ddf0f18 00007ff8a5d5ae00   ...-R...........
0x000000ea24eff370:   000002521cbde860 0000025278881fa0   `...R......xR...
0x000000ea24eff380:   0000000800800390 000002522ddf0f18   ...........-R...
0x000000ea24eff390:   000002527a2dd780 000002527a2ddf60   ..-zR...`.-zR...
0x000000ea24eff3a0:   000002527a2ddf60 00007ff8a5d5ae00   `.-zR...........
0x000000ea24eff3b0:   0000025272826fb8 000000ea24eff528   .o.rR...(..$....
0x000000ea24eff3c0:   000000ea24eff660 0000000000008840   `..$....@.......
0x000000ea24eff3d0:   000000ea24eff840 00007ff8a5d5ae50   @..$....P.......
0x000000ea24eff3e0:   0000000000989680 0000000000989680   ................
0x000000ea24eff3f0:   000000ea24eff500 00007ff8a5bfd561   ...$....a.......
0x000000ea24eff400:   00007ff8a5d5ae00 00007ff8a5d5ae58   ........X.......
0x000000ea24eff410:   00007ff800000000 00007ff800000001   ................

Instructions: (pc=0x00007ff8a5c03004)
  0x00007ff8a5c02f04:   cc cc cc cc cc cc cc cc cc cc cc cc cc cc cc cc
  0x00007ff8a5c02f14:   cc cc cc cc cc cc cc cc cc cc cc cc cc cc cc cc
  0x00007ff8a5c02f24:   cc cc cc cc cc cc cc cc cc cc cc cc cc cc cc cc
  0x00007ff8a5c02f34:   cc cc cc cc cc cc cc cc cc cc cc cc cc cc cc cc
  0x00007ff8a5c02f44:   cc cc cc cc cc cc cc cc cc cc cc cc cc cc cc cc
  0x00007ff8a5c02f54:   cc cc cc cc cc cc cc cc cc cc cc cc cc cc cc cc
  0x00007ff8a5c02f64:   cc cc cc cc cc cc cc cc cc cc cc cc cc cc cc cc
  0x00007ff8a5c02f74:   cc cc cc cc cc cc cc cc cc cc cc cc cc cc cc cc
  0x00007ff8a5c02f84:   cc cc cc cc cc cc cc cc cc cc cc cc 40 57 48 83
  0x00007ff8a5c02f94:   ec 20 48 8b f9 48 8b 0d 30 80 15 00 48 85 c9 74
  0x00007ff8a5c02fa4:   20 48 8b 01 48 8d 54 24 38 41 b8 06 00 01 00 4c
  0x00007ff8a5c02fb4:   8b 48 30 41 ff d1 85 c0 75 07 48 8b 4c 24 38 eb
  0x00007ff8a5c02fc4:   02 33 c9 4c 8b 05 0a 81 15 00 48 89 5c 24 30 4d
  0x00007ff8a5c02fd4:   85 c0 74 4a 48 8b 01 48 8b d7 4c 8b 88 28 03 00
  0x00007ff8a5c02fe4:   00 41 ff d1 48 85 c0 74 35 48 63 0d b8 3d 15 00
  0x00007ff8a5c02ff4:   48 8b 14 01 48 85 d2 74 15 48 63 05 bc 3d 15 00
=>0x00007ff8a5c03004:   8b 04 10 48 8b 5c 24 30 48 83 c4 20 5f c3 b8 ff
  0x00007ff8a5c03014:   ff ff ff 48 8b 5c 24 30 48 83 c4 20 5f c3 80 3d
  0x00007ff8a5c03024:   bb 7f 15 00 00 bb ff ff ff ff 74 20 4c 8b 0d 51
  0x00007ff8a5c03034:   7c 15 00 4c 8d 44 24 38 48 8b 0d 35 7c 15 00 48
  0x00007ff8a5c03044:   8b d7 41 ff d1 85 c0 0f 44 5c 24 38 8b c3 48 8b
  0x00007ff8a5c03054:   5c 24 30 48 83 c4 20 5f c3 cc cc cc cc cc cc cc
  0x00007ff8a5c03064:   cc cc cc cc cc cc cc cc cc cc cc cc cc cc cc cc
  0x00007ff8a5c03074:   cc cc cc cc cc cc cc cc cc cc cc cc cc cc cc cc
  0x00007ff8a5c03084:   cc cc cc cc cc cc cc cc cc cc cc cc 48 89 54 24
  0x00007ff8a5c03094:   10 53 55 56 57 41 56 41 57 48 83 ec 28 48 8b f2
  0x00007ff8a5c030a4:   4c 8b f1 48 89 4c 24 78 45 33 ff 44 89 7c 24 68
  0x00007ff8a5c030b4:   c7 44 24 60 01 00 00 00 48 8d 4c 24 68 e8 69 3c
  0x00007ff8a5c030c4:   f7 ff 8b d8 48 8d 4c 24 60 e8 5d 3c f7 ff 8b e8
  0x00007ff8a5c030d4:   49 8b ce e8 33 f3 f6 ff 48 8b f8 90 8b c3 f0 0f
  0x00007ff8a5c030e4:   b1 2f 74 04 f3 90 eb f4 4c 89 3e 4c 89 7e 08 4c
  0x00007ff8a5c030f4:   89 7e 10 49 8b 6e 08 4d 8b 76 10 49 3b ee 0f 84


Stack slot to memory mapping:

stack at sp + 0 slots: 0x000000ea24eff390 is pointing into the stack for thread: 0x000002522ddf0b50
stack at sp + 1 slots: 0x0000025272a8d0b0 points into unknown readable memory: 0x00000007ffc039f0 | f0 39 c0 ff 07 00 00 00
stack at sp + 2 slots: 0x0 is null
stack at sp + 3 slots: 0x000002522ddf1ad0 points into unknown readable memory: 0x6e616c2e6176616a | 6a 61 76 61 2e 6c 61 6e
stack at sp + 4 slots: 0x000000000000003f is an unknown value
stack at sp + 5 slots: 0x00007ff8a5c034db libasyncProfiler.dll
stack at sp + 6 slots: 0x0 is null
stack at sp + 7 slots: 0x000002522ddf0f18 points into unknown readable memory: 0x00007ff898ea17b0 | b0 17 ea 98 f8 7f 00 00

Lock stack of current Java thread (top to bottom):


---------------  P R O C E S S  ---------------

Threads class SMR info:
_java_thread_list=0x0000025278991590, length=39, elements={
0x000002522ddeb030, 0x000002522ddeb970, 0x000002522ddef590, 0x000002522ddf0b50,
0x000002522ddf36a0, 0x000002522ddfbdf0, 0x000002522ddfc530, 0x0000025272157f70,
0x0000025272538410, 0x00000252725390f0, 0x0000025272b5da60, 0x0000025272baf2e0,
0x0000025272bb5810, 0x00000252773121b0, 0x0000025277311310, 0x0000025277311a60,
0x0000025277312900, 0x000002527730fd20, 0x00000252786c5130, 0x00000252786c2550,
0x00000252786c4290, 0x00000252786c49e0, 0x00000252786c5880, 0x00000252786c5fd0,
0x00000252786c2ca0, 0x00000252786c75c0, 0x00000252786c9a50, 0x00000252786c7d10,
0x00000252786c6e70, 0x00000252786c8bb0, 0x00000252786c8460, 0x00000252786c9300,
0x00000252786c6720, 0x000002527730f5d0, 0x00000252725dd510, 0x00000252777bad10,
0x00000252777bda70, 0x0000025278f4ffe0, 0x00000252725db080
}

Java Threads: ( => current thread )
  0x000002522ddeb030 JavaThread "Reference Handler"          daemon [_thread_blocked, id=19532, stack(0x000000ea24b00000,0x000000ea24c00000) (1024K)]
  0x000002522ddeb970 JavaThread "Finalizer"                  daemon [_thread_blocked, id=1752, stack(0x000000ea24c00000,0x000000ea24d00000) (1024K)]
  0x000002522ddef590 JavaThread "Signal Dispatcher"          daemon [_thread_blocked, id=6096, stack(0x000000ea24d00000,0x000000ea24e00000) (1024K)]
=>0x000002522ddf0b50 JavaThread "Attach Listener"            daemon [_thread_in_native, id=3708, stack(0x000000ea24e00000,0x000000ea24f00000) (1024K)]
  0x000002522ddf36a0 JavaThread "Service Thread"             daemon [_thread_blocked, id=15588, stack(0x000000ea24f00000,0x000000ea25000000) (1024K)]
  0x000002522ddfbdf0 JavaThread "Monitor Deflation Thread"   daemon [_thread_blocked, id=11960, stack(0x000000ea25000000,0x000000ea25100000) (1024K)]
  0x000002522ddfc530 JavaThread "C1 CompilerThread0"         daemon [_thread_blocked, id=11972, stack(0x000000ea25100000,0x000000ea25200000) (1024K)]
  0x0000025272157f70 JavaThread "Common-Cleaner"             daemon [_thread_blocked, id=10732, stack(0x000000ea25300000,0x000000ea25400000) (1024K)]
  0x0000025272538410 JavaThread "Monitor Ctrl-Break"         daemon [_thread_in_native, id=2508, stack(0x000000ea25600000,0x000000ea25700000) (1024K)]
  0x00000252725390f0 JavaThread "Notification Thread"        daemon [_thread_blocked, id=14028, stack(0x000000ea25700000,0x000000ea25800000) (1024K)]
  0x0000025272b5da60 JavaThread "RMI TCP Accept-0"           daemon [_thread_in_native, id=6544, stack(0x000000ea25800000,0x000000ea25900000) (1024K)]
  0x0000025272baf2e0 JavaThread "RMI Scheduler(0)"           daemon [_thread_blocked, id=18188, stack(0x000000ea25a00000,0x000000ea25b00000) (1024K)]
  0x0000025272bb5810 JavaThread "JMX server connection timeout 40" daemon [_thread_blocked, id=1352, stack(0x000000ea25b00000,0x000000ea25c00000) (1024K)]
  0x00000252773121b0 JavaThread "RMI TCP Connection(2)-10.77.38.184" daemon [_thread_in_native, id=19032, stack(0x000000ea27000000,0x000000ea27100000) (1024K)]
  0x0000025277311310 JavaThread "Catalina-utility-1"                [_thread_blocked, id=19512, stack(0x000000ea27100000,0x000000ea27200000) (1024K)]
  0x0000025277311a60 JavaThread "Catalina-utility-2"                [_thread_blocked, id=14816, stack(0x000000ea27200000,0x000000ea27300000) (1024K)]
  0x0000025277312900 JavaThread "container-0"                       [_thread_blocked, id=2428, stack(0x000000ea27300000,0x000000ea27400000) (1024K)]
  0x000002527730fd20 JavaThread "HikariPool-1 housekeeper"   daemon [_thread_blocked, id=11216, stack(0x000000ea27400000,0x000000ea27500000) (1024K)]
  0x00000252786c5130 JavaThread "File Watcher"               daemon [_thread_blocked, id=19708, stack(0x000000ea27600000,0x000000ea27700000) (1024K)]
  0x00000252786c2550 JavaThread "Live Reload Server"         daemon [_thread_in_native, id=12512, stack(0x000000ea27800000,0x000000ea27900000) (1024K)]
  0x00000252786c4290 JavaThread "http-nio-8080-exec-1"       daemon [_thread_blocked, id=9992, stack(0x000000ea27700000,0x000000ea27800000) (1024K)]
  0x00000252786c49e0 JavaThread "http-nio-8080-exec-2"       daemon [_thread_blocked, id=8892, stack(0x000000ea27900000,0x000000ea27a00000) (1024K)]
  0x00000252786c5880 JavaThread "http-nio-8080-exec-3"       daemon [_thread_blocked, id=12664, stack(0x000000ea27a00000,0x000000ea27b00000) (1024K)]
  0x00000252786c5fd0 JavaThread "http-nio-8080-exec-4"       daemon [_thread_blocked, id=2660, stack(0x000000ea27b00000,0x000000ea27c00000) (1024K)]
  0x00000252786c2ca0 JavaThread "http-nio-8080-exec-5"       daemon [_thread_blocked, id=15656, stack(0x000000ea27c00000,0x000000ea27d00000) (1024K)]
  0x00000252786c75c0 JavaThread "http-nio-8080-exec-6"       daemon [_thread_blocked, id=12496, stack(0x000000ea27d00000,0x000000ea27e00000) (1024K)]
  0x00000252786c9a50 JavaThread "http-nio-8080-exec-7"       daemon [_thread_blocked, id=15036, stack(0x000000ea27e00000,0x000000ea27f00000) (1024K)]
  0x00000252786c7d10 JavaThread "http-nio-8080-exec-8"       daemon [_thread_blocked, id=9284, stack(0x000000ea27f00000,0x000000ea28000000) (1024K)]
  0x00000252786c6e70 JavaThread "http-nio-8080-exec-9"       daemon [_thread_blocked, id=3808, stack(0x000000ea28000000,0x000000ea28100000) (1024K)]
  0x00000252786c8bb0 JavaThread "http-nio-8080-exec-10"      daemon [_thread_blocked, id=2616, stack(0x000000ea28100000,0x000000ea28200000) (1024K)]
  0x00000252786c8460 JavaThread "http-nio-8080-Poller"       daemon [_thread_in_native, id=20468, stack(0x000000ea28200000,0x000000ea28300000) (1024K)]
  0x00000252786c9300 JavaThread "http-nio-8080-Acceptor"     daemon [_thread_in_native, id=3416, stack(0x000000ea28300000,0x000000ea28400000) (1024K)]
  0x00000252786c6720 JavaThread "DestroyJavaVM"                     [_thread_blocked, id=20032, stack(0x000000ea24300000,0x000000ea24400000) (1024K)]
  0x000002527730f5d0 JavaThread "Live Reload #1"             daemon [_thread_blocked, id=4664, stack(0x000000ea25200000,0x000000ea25300000) (1024K)]
  0x00000252725dd510 JavaThread "JFR Recorder Thread"        daemon [_thread_in_native, id=10920, stack(0x000000ea24000000,0x000000ea24100000) (1024K)]
  0x00000252777bad10 JavaThread "C1 CompilerThread1"         daemon [_thread_blocked, id=17496, stack(0x000000ea24100000,0x000000ea24200000) (1024K)]
  0x00000252777bda70 JavaThread "C1 CompilerThread2"         daemon [_thread_blocked, id=17688, stack(0x000000ea24200000,0x000000ea24300000) (1024K)]
  0x0000025278f4ffe0 JavaThread "C1 CompilerThread3"         daemon [_thread_blocked, id=16940, stack(0x000000ea25400000,0x000000ea25500000) (1024K)]
  0x00000252725db080 JavaThread "JFR Periodic Tasks"         daemon [_thread_blocked, id=4092, stack(0x000000ea25900000,0x000000ea25a00000) (1024K)]
Total: 39

Other Threads:
  0x000002522dddab50 VMThread "VM Thread"                           [id=19112, stack(0x000000ea24a00000,0x000000ea24b00000) (1024K)]
  0x000002522ddcfe90 WatcherThread "VM Periodic Task Thread"        [id=8756, stack(0x000000ea24900000,0x000000ea24a00000) (1024K)]
  0x000002521cba0020 WorkerThread "GC Thread#0"                     [id=18804, stack(0x000000ea24400000,0x000000ea24500000) (1024K)]
  0x000002527703fae0 WorkerThread "GC Thread#1"                     [id=7772, stack(0x000000ea25e00000,0x000000ea25f00000) (1024K)]
  0x000002527703ec20 WorkerThread "GC Thread#2"                     [id=16768, stack(0x000000ea25f00000,0x000000ea26000000) (1024K)]
  0x0000025277670790 WorkerThread "GC Thread#3"                     [id=7856, stack(0x000000ea26000000,0x000000ea26100000) (1024K)]
  0x000002527766e2b0 WorkerThread "GC Thread#4"                     [id=19060, stack(0x000000ea26100000,0x000000ea26200000) (1024K)]
  0x000002527766d7a0 WorkerThread "GC Thread#5"                     [id=16508, stack(0x000000ea26200000,0x000000ea26300000) (1024K)]
  0x000002527766ea10 WorkerThread "GC Thread#6"                     [id=2320, stack(0x000000ea26300000,0x000000ea26400000) (1024K)]
  0x000002527766e660 WorkerThread "GC Thread#7"                     [id=6280, stack(0x000000ea26400000,0x000000ea26500000) (1024K)]
  0x000002527766f520 WorkerThread "GC Thread#8"                     [id=18228, stack(0x000000ea26a00000,0x000000ea26b00000) (1024K)]
  0x000002527766db50 WorkerThread "GC Thread#9"                     [id=10640, stack(0x000000ea26b00000,0x000000ea26c00000) (1024K)]
  0x000002527766cc90 WorkerThread "GC Thread#10"                    [id=14340, stack(0x000000ea26c00000,0x000000ea26d00000) (1024K)]
  0x000002527766d040 WorkerThread "GC Thread#11"                    [id=18908, stack(0x000000ea26d00000,0x000000ea26e00000) (1024K)]
  0x000002527766df00 WorkerThread "GC Thread#12"                    [id=2216, stack(0x000000ea26500000,0x000000ea26600000) (1024K)]
  0x000002521cbad860 ConcurrentGCThread "G1 Main Marker"            [id=14568, stack(0x000000ea24500000,0x000000ea24600000) (1024K)]
  0x000002522dc92f70 WorkerThread "G1 Conc#0"                       [id=17104, stack(0x000000ea24600000,0x000000ea24700000) (1024K)]
  0x000002527766f8d0 WorkerThread "G1 Conc#1"                       [id=20428, stack(0x000000ea26e00000,0x000000ea26f00000) (1024K)]
  0x00000252776703e0 WorkerThread "G1 Conc#2"                       [id=19040, stack(0x000000ea26f00000,0x000000ea27000000) (1024K)]
  0x000002522dd0f1b0 ConcurrentGCThread "G1 Refine#0"               [id=5136, stack(0x000000ea24700000,0x000000ea24800000) (1024K)]
  0x000002522dd109f0 ConcurrentGCThread "G1 Service"                [id=12620, stack(0x000000ea24800000,0x000000ea24900000) (1024K)]
Total: 21

Threads with active compile tasks:
Total: 0

VM state: not at safepoint (normal execution)

VM Mutex/Monitor currently owned by a thread: None

Heap address: 0x0000000703600000, size: 4042 MB, Compressed Oops mode: Zero based, Oop shift amount: 3

CDS archive(s) mapped at: [0x0000025231000000-0x0000025231d40000-0x0000025231d40000), size 13893632, SharedBaseAddress: 0x0000025231000000, ArchiveRelocationMode: 1.
Compressed class space mapped at: 0x0000025232000000-0x0000025272000000, reserved size: 1073741824
UseCompressedClassPointers 1, UseCompactObjectHeaders 0
Narrow klass pointer bits 32, Max shift 3
Narrow klass base: 0x0000025231000000, Narrow klass shift: 0
Encoding Range: [0x0000025231000000 - 0x0000025331000000), (4294967296 bytes)
Klass Range:    [0x0000025231000000 - 0x0000025272000000), (1090519040 bytes)
Klass ID Range:  [8 - 1090519033) (1090519025)

GC Precious Log:
 CardTable entry size: 512
 Card Set container configuration: InlinePtr #cards 4 size 8 Array Of Cards #cards 16 size 48 Howl #buckets 8 coarsen threshold 3686 Howl Bitmap #cards 512 size 80 coarsen threshold 460 Card regions per heap region 1 cards per card region 4096
 CPUs: 16 total, 16 available
 Memory: 16163M
 Large Page Support: Disabled
 NUMA Support: Disabled
 Compressed Oops: Enabled (Zero based)
 Heap Region Size: 2M
 Heap Min Capacity: 8M
 Heap Initial Capacity: 254M
 Heap Max Capacity: 4042M
 Pre-touch: Disabled
 Parallel Workers: 13
 Concurrent Workers: 3
 Concurrent Refinement Workers: 13
 Periodic GC: Disabled

Heap:
 garbage-first heap   total reserved 4139008K, committed 83968K, used 51851K [0x0000000703600000, 0x0000000800000000)
  region size 2048K, 14 young (28672K), 2 survivors (4096K)
 Metaspace       used 57814K, committed 58496K, reserved 1114112K
  class space    used 6553K, committed 6848K, reserved 1048576K

Heap Regions: E=young(eden), S=young(survivor), O=old, HS=humongous(starts), HC=humongous(continues), CS=collection set, F=free, TAMS=top-at-mark-start, PB=parsable bottom
|   0|0x0000000703600000, 0x0000000703800000, 0x0000000703800000|100%| O|  |TAMS 0x0000000703600000| PB 0x0000000703600000| Untracked |  0
|   1|0x0000000703800000, 0x0000000703a00000, 0x0000000703a00000|100%| O|  |TAMS 0x0000000703800000| PB 0x0000000703800000| Untracked |  0
|   2|0x0000000703a00000, 0x0000000703c00000, 0x0000000703c00000|100%| O|  |TAMS 0x0000000703a00000| PB 0x0000000703a00000| Untracked |  0
|   3|0x0000000703c00000, 0x0000000703e00000, 0x0000000703e00000|100%| O|  |TAMS 0x0000000703c00000| PB 0x0000000703c00000| Untracked |  0
|   4|0x0000000703e00000, 0x0000000704000000, 0x0000000704000000|100%| O|  |TAMS 0x0000000703e00000| PB 0x0000000703e00000| Untracked |  0
|   5|0x0000000704000000, 0x0000000704200000, 0x0000000704200000|100%| O|  |TAMS 0x0000000704000000| PB 0x0000000704000000| Untracked |  0
|   6|0x0000000704200000, 0x0000000704400000, 0x0000000704400000|100%| O|Cm|TAMS 0x0000000704200000| PB 0x0000000704200000| Complete |  0
|   7|0x0000000704400000, 0x0000000704600000, 0x0000000704600000|100%| O|  |TAMS 0x0000000704400000| PB 0x0000000704400000| Untracked |  0
|   8|0x0000000704600000, 0x0000000704800000, 0x0000000704800000|100%| O|  |TAMS 0x0000000704600000| PB 0x0000000704600000| Untracked |  0
|   9|0x0000000704800000, 0x0000000704905658, 0x0000000704a00000| 51%| O|  |TAMS 0x0000000704800000| PB 0x0000000704800000| Untracked |  0
|  10|0x0000000704a00000, 0x0000000704a00000, 0x0000000704c00000|  0%| F|  |TAMS 0x0000000704a00000| PB 0x0000000704a00000| Untracked |  0
|  11|0x0000000704c00000, 0x0000000704c00000, 0x0000000704e00000|  0%| F|  |TAMS 0x0000000704c00000| PB 0x0000000704c00000| Untracked |  0
|  12|0x0000000704e00000, 0x0000000704e00000, 0x0000000705000000|  0%| F|  |TAMS 0x0000000704e00000| PB 0x0000000704e00000| Untracked |  0
|  13|0x0000000705000000, 0x0000000705000000, 0x0000000705200000|  0%| F|  |TAMS 0x0000000705000000| PB 0x0000000705000000| Untracked |  0
|  14|0x0000000705200000, 0x0000000705200000, 0x0000000705400000|  0%| F|  |TAMS 0x0000000705200000| PB 0x0000000705200000| Untracked |  0
|  15|0x0000000705400000, 0x0000000705400000, 0x0000000705600000|  0%| F|  |TAMS 0x0000000705400000| PB 0x0000000705400000| Untracked |  0
|  16|0x0000000705600000, 0x0000000705600000, 0x0000000705800000|  0%| F|  |TAMS 0x0000000705600000| PB 0x0000000705600000| Untracked |  0
|  17|0x0000000705800000, 0x0000000705800000, 0x0000000705a00000|  0%| F|  |TAMS 0x0000000705800000| PB 0x0000000705800000| Untracked |  0
|  18|0x0000000705a00000, 0x0000000705a00000, 0x0000000705c00000|  0%| F|  |TAMS 0x0000000705a00000| PB 0x0000000705a00000| Untracked |  0
|  19|0x0000000705c00000, 0x0000000705c00000, 0x0000000705e00000|  0%| F|  |TAMS 0x0000000705c00000| PB 0x0000000705c00000| Untracked |  0
|  20|0x0000000705e00000, 0x0000000705e00000, 0x0000000706000000|  0%| F|  |TAMS 0x0000000705e00000| PB 0x0000000705e00000| Untracked |  0
|  21|0x0000000706000000, 0x0000000706000000, 0x0000000706200000|  0%| F|  |TAMS 0x0000000706000000| PB 0x0000000706000000| Untracked |  0
|  22|0x0000000706200000, 0x0000000706200000, 0x0000000706400000|  0%| F|  |TAMS 0x0000000706200000| PB 0x0000000706200000| Untracked |  0
|  23|0x0000000706400000, 0x0000000706400000, 0x0000000706600000|  0%| F|  |TAMS 0x0000000706400000| PB 0x0000000706400000| Untracked |  0
|  24|0x0000000706600000, 0x000000070667fc60, 0x0000000706800000| 24%| E|  |TAMS 0x0000000706600000| PB 0x0000000706600000| Complete |  0
|  25|0x0000000706800000, 0x0000000706a00000, 0x0000000706a00000|100%| E|CS|TAMS 0x0000000706800000| PB 0x0000000706800000| Complete |  0
|  26|0x0000000706a00000, 0x0000000706c00000, 0x0000000706c00000|100%| E|CS|TAMS 0x0000000706a00000| PB 0x0000000706a00000| Complete |  0
|  27|0x0000000706c00000, 0x0000000706e00000, 0x0000000706e00000|100%| E|CS|TAMS 0x0000000706c00000| PB 0x0000000706c00000| Complete |  0
|  28|0x0000000706e00000, 0x0000000707000000, 0x0000000707000000|100%| E|CS|TAMS 0x0000000706e00000| PB 0x0000000706e00000| Complete |  0
|  29|0x0000000707000000, 0x000000070719d940, 0x0000000707200000| 80%| S|CS|TAMS 0x0000000707000000| PB 0x0000000707000000| Complete |  0
|  30|0x0000000707200000, 0x0000000707400000, 0x0000000707400000|100%| S|CS|TAMS 0x0000000707200000| PB 0x0000000707200000| Complete |  0
|  98|0x000000070fa00000, 0x000000070fc00000, 0x000000070fc00000|100%| E|CS|TAMS 0x000000070fa00000| PB 0x000000070fa00000| Complete |  0
|  99|0x000000070fc00000, 0x000000070fe00000, 0x000000070fe00000|100%| E|CS|TAMS 0x000000070fc00000| PB 0x000000070fc00000| Complete |  0
| 103|0x0000000710400000, 0x0000000710600000, 0x0000000710600000|100%| E|CS|TAMS 0x0000000710400000| PB 0x0000000710400000| Complete |  0
| 104|0x0000000710600000, 0x0000000710800000, 0x0000000710800000|100%| E|CS|TAMS 0x0000000710600000| PB 0x0000000710600000| Complete |  0
| 105|0x0000000710800000, 0x0000000710a00000, 0x0000000710a00000|100%| E|CS|TAMS 0x0000000710800000| PB 0x0000000710800000| Complete |  0
| 126|0x0000000713200000, 0x0000000713400000, 0x0000000713400000|100%| E|CS|TAMS 0x0000000713200000| PB 0x0000000713200000| Complete |  0
|2017|0x00000007ff800000, 0x00000007ffa00000, 0x00000007ffa00000|100%| O|  |TAMS 0x00000007ff800000| PB 0x00000007ff800000| Untracked |  0
|2018|0x00000007ffa00000, 0x00000007ffc00000, 0x00000007ffc00000|100%| O|  |TAMS 0x00000007ffa00000| PB 0x00000007ffa00000| Untracked |  0
|2019|0x00000007ffc00000, 0x00000007ffe00000, 0x00000007ffe00000|100%| O|  |TAMS 0x00000007ffc00000| PB 0x00000007ffc00000| Untracked |  0
|2020|0x00000007ffe00000, 0x0000000800000000, 0x0000000800000000|100%| E|CS|TAMS 0x00000007ffe00000| PB 0x00000007ffe00000| Complete |  0

Card table byte_map: [0x0000025229460000,0x0000025229c50000] _byte_map_base: 0x0000025225c45000

Marking Bits: (CMBitMap*) 0x000002521cba0e50
 Bits: [0x0000025229c50000, 0x000002522db78000)

Polling page: 0x000002521c2f0000

Metaspace:

Usage:
  Non-class:     50.06 MB used.
      Class:      6.40 MB used.
       Both:     56.46 MB used.

Virtual space:
  Non-class space:       64.00 MB reserved,      50.44 MB ( 79%) committed,  1 nodes.
      Class space:        1.00 GB reserved,       6.69 MB ( <1%) committed,  1 nodes.
             Both:        1.06 GB reserved,      57.12 MB (  5%) committed. 

Chunk freelists:
   Non-Class:  12.68 MB
       Class:  9.18 MB
        Both:  21.85 MB

MaxMetaspaceSize: unlimited
CompressedClassSpaceSize: 1.00 GB
Initial GC threshold: 21.00 MB
Current GC threshold: 92.94 MB
CDS: on
 - commit_granule_bytes: 65536.
 - commit_granule_words: 8192.
 - virtual_space_node_default_size: 8388608.
 - enlarge_chunks_in_place: 1.
UseCompressedClassPointers 1, UseCompactObjectHeaders 0
Narrow klass pointer bits 32, Max shift 3
Narrow klass base: 0x0000025231000000, Narrow klass shift: 0
Encoding Range: [0x0000025231000000 - 0x0000025331000000), (4294967296 bytes)
Klass Range:    [0x0000025231000000 - 0x0000025272000000), (1090519040 bytes)
Klass ID Range:  [8 - 1090519033) (1090519025)


Internal statistics:

num_allocs_failed_limit: 6.
num_arena_births: 704.
num_arena_deaths: 0.
num_vsnodes_births: 2.
num_vsnodes_deaths: 0.
num_space_committed: 914.
num_space_uncommitted: 0.
num_chunks_returned_to_freelist: 6.
num_chunks_taken_from_freelist: 2640.
num_chunk_merges: 6.
num_chunk_splits: 1951.
num_chunks_enlarged: 1597.
num_inconsistent_stats: 0.

CodeCache: size=49152Kb used=10537Kb max_used=11765Kb free=38614Kb
 bounds [0x00000252253d0000, 0x0000025225f50000, 0x00000252283d0000]
 total_blobs=6661, nmethods=6022, adapters=562, full_count=0
Compilation: enabled, stopped_count=0, restarted_count=0

Compilation events (20 events):
Event: 117.809 Thread 0x0000025278f4ffe0 6091       1       jdk.jfr.internal.EventControl::getEventType (5 bytes)
Event: 117.809 Thread 0x00000252777bda70 6092       1       jdk.jfr.internal.EventControl::getSettingsId (5 bytes)
Event: 117.809 Thread 0x00000252777bad10 6093       1       jdk.jfr.internal.EventControl::getNamedControls (5 bytes)
Event: 117.810 Thread 0x000002522ddfc530 6095   !   1       jdk.jfr.internal.Control::setValue (102 bytes)
Event: 117.810 Thread 0x0000025278f4ffe0 nmethod 6091 0x00000252255d3a08 code [0x00000252255d3b00, 0x00000252255d3bc8]
Event: 117.810 Thread 0x00000252777bad10 nmethod 6093 0x00000252255d3708 code [0x00000252255d3800, 0x00000252255d38c8]
Event: 117.810 Thread 0x00000252777bda70 nmethod 6092 0x00000252255d3408 code [0x00000252255d3500, 0x00000252255d35c8]
Event: 117.810 Thread 0x0000025278f4ffe0 6096       1       jdk.jfr.internal.SettingsManager$InternalSetting::getValues (35 bytes)
Event: 117.810 Thread 0x00000252777bad10 6097       1       jdk.jfr.internal.Control::apply (10 bytes)
Event: 117.810 Thread 0x00000252777bda70 6098       1       jdk.jfr.internal.Control::findCombine (121 bytes)
Event: 117.810 Thread 0x0000025278f4ffe0 nmethod 6096 0x00000252255d3088 code [0x00000252255d31c0, 0x00000252255d33c8]
Event: 117.810 Thread 0x00000252777bad10 nmethod 6097 0x00000252255d2d88 code [0x00000252255d2ea0, 0x00000252255d2fb0]
Event: 117.810 Thread 0x0000025278f4ffe0 6094       1       jdk.jfr.internal.PlatformEventType::isEnabled (5 bytes)
Event: 117.810 Thread 0x0000025278f4ffe0 nmethod 6094 0x00000252255d2a88 code [0x00000252255d2b80, 0x00000252255d2c48]
Event: 117.811 Thread 0x000002522ddfc530 nmethod 6095 0x00000252255d2188 code [0x00000252255d2380, 0x00000252255d2a10]
Event: 117.811 Thread 0x00000252777bda70 nmethod 6098 0x00000252255d1808 code [0x00000252255d19c0, 0x00000252255d2170]
Event: 117.812 Thread 0x000002522ddfc530 6099       1       jdk.jfr.internal.periodic.EventTask::getEventType (5 bytes)
Event: 117.812 Thread 0x000002522ddfc530 nmethod 6099 0x00000252255d1508 code [0x00000252255d1600, 0x00000252255d16c8]
Event: 117.812 Thread 0x000002522ddfc530 6100       1       jdk.jfr.internal.periodic.PeriodicTask::getPeriod (5 bytes)
Event: 117.812 Thread 0x000002522ddfc530 nmethod 6100 0x00000252255d1208 code [0x00000252255d1300, 0x00000252255d13c8]

GC Heap History (20 events):
Event: 1.164 GC heap before
{Heap before GC invocations=0 (full 0):
 garbage-first heap   total reserved 4139008K, committed 262144K, used 48240K [0x0000000703600000, 0x0000000800000000)
  region size 2048K, 24 young (49152K), 0 survivors (0K)
 Metaspace       used 10338K, committed 10688K, reserved 1114112K
  class space    used 1131K, committed 1280K, reserved 1048576K
}
Event: 1.170 GC heap after
{Heap after GC invocations=1 (full 0):
 garbage-first heap   total reserved 4139008K, committed 262144K, used 10295K [0x0000000703600000, 0x0000000800000000)
  region size 2048K, 3 young (6144K), 3 survivors (6144K)
 Metaspace       used 10338K, committed 10688K, reserved 1114112K
  class space    used 1131K, committed 1280K, reserved 1048576K
}
Event: 1.509 GC heap before
{Heap before GC invocations=1 (full 0):
 garbage-first heap   total reserved 4139008K, committed 262144K, used 51255K [0x0000000703600000, 0x0000000800000000)
  region size 2048K, 24 young (49152K), 3 survivors (6144K)
 Metaspace       used 20076K, committed 20416K, reserved 1114112K
  class space    used 2184K, committed 2304K, reserved 1048576K
}
Event: 1.515 GC heap after
{Heap after GC invocations=2 (full 0):
 garbage-first heap   total reserved 4139008K, committed 262144K, used 14318K [0x0000000703600000, 0x0000000800000000)
  region size 2048K, 5 young (10240K), 5 survivors (10240K)
 Metaspace       used 20076K, committed 20416K, reserved 1114112K
  class space    used 2184K, committed 2304K, reserved 1048576K
}
Event: 1.868 GC heap before
{Heap before GC invocations=3 (full 0):
 garbage-first heap   total reserved 4139008K, committed 55296K, used 53230K [0x0000000703600000, 0x0000000800000000)
  region size 2048K, 24 young (49152K), 5 survivors (10240K)
 Metaspace       used 25015K, committed 25344K, reserved 1114112K
  class space    used 2751K, committed 2880K, reserved 1048576K
}
Event: 1.877 GC heap after
{Heap after GC invocations=4 (full 0):
 garbage-first heap   total reserved 4139008K, committed 69632K, used 16545K [0x0000000703600000, 0x0000000800000000)
  region size 2048K, 4 young (8192K), 4 survivors (8192K)
 Metaspace       used 25015K, committed 25344K, reserved 1114112K
  class space    used 2751K, committed 2880K, reserved 1048576K
}
Event: 2.222 GC heap before
{Heap before GC invocations=4 (full 0):
 garbage-first heap   total reserved 4139008K, committed 69632K, used 47265K [0x0000000703600000, 0x0000000800000000)
  region size 2048K, 19 young (38912K), 4 survivors (8192K)
 Metaspace       used 28605K, committed 28992K, reserved 1114112K
  class space    used 3220K, committed 3392K, reserved 1048576K
}
Event: 2.227 GC heap after
{Heap after GC invocations=5 (full 0):
 garbage-first heap   total reserved 4139008K, committed 69632K, used 19259K [0x0000000703600000, 0x0000000800000000)
  region size 2048K, 3 young (6144K), 3 survivors (6144K)
 Metaspace       used 28605K, committed 28992K, reserved 1114112K
  class space    used 3220K, committed 3392K, reserved 1048576K
}
Event: 2.543 GC heap before
{Heap before GC invocations=5 (full 0):
 garbage-first heap   total reserved 4139008K, committed 69632K, used 47931K [0x0000000703600000, 0x0000000800000000)
  region size 2048K, 18 young (36864K), 3 survivors (6144K)
 Metaspace       used 32811K, committed 33280K, reserved 1114112K
  class space    used 3697K, committed 3904K, reserved 1048576K
}
Event: 2.546 GC heap after
{Heap after GC invocations=6 (full 0):
 garbage-first heap   total reserved 4139008K, committed 69632K, used 21186K [0x0000000703600000, 0x0000000800000000)
  region size 2048K, 3 young (6144K), 3 survivors (6144K)
 Metaspace       used 32811K, committed 33280K, reserved 1114112K
  class space    used 3697K, committed 3904K, reserved 1048576K
}
Event: 2.602 GC heap before
{Heap before GC invocations=6 (full 0):
 garbage-first heap   total reserved 4139008K, committed 69632K, used 23234K [0x0000000703600000, 0x0000000800000000)
  region size 2048K, 5 young (10240K), 3 survivors (6144K)
 Metaspace       used 33619K, committed 34048K, reserved 1114112K
  class space    used 3771K, committed 3968K, reserved 1048576K
}
Event: 2.605 GC heap after
{Heap after GC invocations=7 (full 0):
 garbage-first heap   total reserved 4139008K, committed 69632K, used 21665K [0x0000000703600000, 0x0000000800000000)
  region size 2048K, 2 young (4096K), 2 survivors (4096K)
 Metaspace       used 33619K, committed 34048K, reserved 1114112K
  class space    used 3771K, committed 3968K, reserved 1048576K
}
Event: 3.060 GC heap before
{Heap before GC invocations=8 (full 0):
 garbage-first heap   total reserved 4139008K, committed 69632K, used 54433K [0x0000000703600000, 0x0000000800000000)
  region size 2048K, 18 young (36864K), 2 survivors (4096K)
 Metaspace       used 43701K, committed 44160K, reserved 1114112K
  class space    used 4863K, committed 5056K, reserved 1048576K
}
Event: 3.063 GC heap after
{Heap after GC invocations=9 (full 0):
 garbage-first heap   total reserved 4139008K, committed 69632K, used 23768K [0x0000000703600000, 0x0000000800000000)
  region size 2048K, 3 young (6144K), 3 survivors (6144K)
 Metaspace       used 43701K, committed 44160K, reserved 1114112K
  class space    used 4863K, committed 5056K, reserved 1048576K
}
Event: 3.432 GC heap before
{Heap before GC invocations=9 (full 0):
 garbage-first heap   total reserved 4139008K, committed 69632K, used 54488K [0x0000000703600000, 0x0000000800000000)
  region size 2048K, 18 young (36864K), 3 survivors (6144K)
 Metaspace       used 50934K, committed 51520K, reserved 1114112K
  class space    used 5683K, committed 5952K, reserved 1048576K
}
Event: 3.436 GC heap after
{Heap after GC invocations=10 (full 0):
 garbage-first heap   total reserved 4139008K, committed 69632K, used 25711K [0x0000000703600000, 0x0000000800000000)
  region size 2048K, 3 young (6144K), 3 survivors (6144K)
 Metaspace       used 50934K, committed 51520K, reserved 1114112K
  class space    used 5683K, committed 5952K, reserved 1048576K
}
Event: 3.780 GC heap before
{Heap before GC invocations=10 (full 0):
 garbage-first heap   total reserved 4139008K, committed 69632K, used 54383K [0x0000000703600000, 0x0000000800000000)
  region size 2048K, 17 young (34816K), 3 survivors (6144K)
 Metaspace       used 54923K, committed 55488K, reserved 1114112K
  class space    used 6151K, committed 6400K, reserved 1048576K
}
Event: 3.784 GC heap after
{Heap after GC invocations=11 (full 0):
 garbage-first heap   total reserved 4139008K, committed 83968K, used 28865K [0x0000000703600000, 0x0000000800000000)
  region size 2048K, 3 young (6144K), 3 survivors (6144K)
 Metaspace       used 54923K, committed 55488K, reserved 1114112K
  class space    used 6151K, committed 6400K, reserved 1048576K
}
Event: 44.358 GC heap before
{Heap before GC invocations=11 (full 0):
 garbage-first heap   total reserved 4139008K, committed 83968K, used 41153K [0x0000000703600000, 0x0000000800000000)
  region size 2048K, 10 young (20480K), 3 survivors (6144K)
 Metaspace       used 56392K, committed 56896K, reserved 1114112K
  class space    used 6332K, committed 6528K, reserved 1048576K
}
Event: 44.362 GC heap after
{Heap after GC invocations=12 (full 0):
 garbage-first heap   total reserved 4139008K, committed 83968K, used 29323K [0x0000000703600000, 0x0000000800000000)
  region size 2048K, 2 young (4096K), 2 survivors (4096K)
 Metaspace       used 56392K, committed 56896K, reserved 1114112K
  class space    used 6332K, committed 6528K, reserved 1048576K
}

Dll operation events (13 events):
Event: 0.037 Loaded shared library C:\Users\gs556\.jdks\openjdk-24\bin\java.dll
Event: 0.115 Loaded shared library C:\Users\gs556\.jdks\openjdk-24\bin\zip.dll
Event: 0.117 Loaded shared library C:\Users\gs556\.jdks\openjdk-24\bin\instrument.dll
Event: 0.120 Loaded shared library C:\Users\gs556\.jdks\openjdk-24\bin\net.dll
Event: 0.121 Loaded shared library C:\Users\gs556\.jdks\openjdk-24\bin\nio.dll
Event: 0.123 Loaded shared library C:\Users\gs556\.jdks\openjdk-24\bin\zip.dll
Event: 0.192 Loaded shared library C:\Users\gs556\.jdks\openjdk-24\bin\jimage.dll
Event: 0.645 Loaded shared library C:\Users\gs556\.jdks\openjdk-24\bin\extnet.dll
Event: 0.663 Loaded shared library C:\Users\gs556\.jdks\openjdk-24\bin\management.dll
Event: 0.668 Loaded shared library C:\Users\gs556\.jdks\openjdk-24\bin\management_ext.dll
Event: 1.667 Loaded shared library C:\Users\gs556\.jdks\openjdk-24\bin\sunmscapi.dll
Event: 2.740 Loaded shared library C:\Users\gs556\.jdks\openjdk-24\bin\verify.dll
Event: 117.721 Loaded shared library C:\Users\gs556\AppData\Local\Temp\idea_libasyncProfiler_dll_temp_folder\libasyncProfiler.dll

Deoptimization events (2 events):
Event: 45.850 Thread 0x0000025272b68560 DEOPT PACKING pc=0x00000252256a391c sp=0x000000ea259ff010
Event: 45.850 Thread 0x0000025272b68560 DEOPT UNPACKING pc=0x0000025225426642 sp=0x000000ea259fe4a8 mode 0

Classes loaded (20 events):
Event: 117.788 Loading class jdk/jfr/internal/MetadataWriter
Event: 117.788 Loading class jdk/jfr/internal/MetadataWriter done
Event: 117.788 Loading class jdk/jfr/internal/MetadataDescriptor$Element
Event: 117.788 Loading class jdk/jfr/internal/MetadataDescriptor$Element done
Event: 117.788 Loading class jdk/jfr/internal/MetadataDescriptor$Attribute
Event: 117.788 Loading class jdk/jfr/internal/MetadataDescriptor$Attribute done
Event: 117.792 Loading class jdk/jfr/internal/consumer/StringParser$Encoding
Event: 117.792 Loading class jdk/jfr/internal/consumer/StringParser$Encoding done
Event: 117.805 Loading class jdk/jfr/internal/consumer/RepositoryFiles
Event: 117.806 Loading class jdk/jfr/internal/consumer/RepositoryFiles done
Event: 117.808 Loading class jdk/jfr/internal/SettingsManager$InternalSetting
Event: 117.808 Loading class jdk/jfr/internal/SettingsManager$InternalSetting done
Event: 117.809 Loading class jdk/jfr/internal/util/Rate
Event: 117.809 Loading class jdk/jfr/internal/util/Rate done
Event: 117.809 Loading class jdk/jfr/internal/util/TimespanUnit
Event: 117.809 Loading class jdk/jfr/internal/util/TimespanUnit done
Event: 117.809 Loading class jdk/jfr/internal/util/ValueParser
Event: 117.809 Loading class jdk/jfr/internal/util/ValueParser done
Event: 117.810 Loading class jdk/jfr/internal/periodic/PeriodicType
Event: 117.810 Loading class jdk/jfr/internal/periodic/PeriodicType done

Classes unloaded (0 events):
No events

Classes redefined (0 events):
No events

Internal exceptions (20 events):
Event: 3.480 Thread 0x000002527720e010 Exception <a 'java/lang/IncompatibleClassChangeError'{0x000000071083e700}: Found class java.lang.Object, but interface was expected> (0x000000071083e700) 
thrown [s\open\src\hotspot\share\interpreter\linkResolver.cpp, line 872]
Event: 3.512 Thread 0x000002527720e010 Exception <a 'java/lang/NoSuchMethodError'{0x00000007106e6a10}: 'void java.lang.invoke.DirectMethodHandle$Holder.invokeVirtual(java.lang.Object, java.lang.Object, long)'> (0x00000007106e6a10) 
thrown [s\open\src\hotspot\share\interpreter\linkResolver.cpp, line 805]
Event: 3.541 Thread 0x000002527720e010 Exception <a 'java/lang/NoSuchMethodError'{0x00000007104f5200}: 'int java.lang.invoke.DirectMethodHandle$Holder.invokeStaticInit(java.lang.Object, java.lang.Object, java.lang.Object, java.lang.Object)'> (0x00000007104f5200) 
thrown [s\open\src\hotspot\share\interpreter\linkResolver.cpp, line 805]
Event: 3.602 Thread 0x000002527720e010 Exception <a 'java/lang/IncompatibleClassChangeError'{0x000000070fbc0320}: Found class java.lang.Object, but interface was expected> (0x000000070fbc0320) 
thrown [s\open\src\hotspot\share\interpreter\linkResolver.cpp, line 872]
Event: 3.677 Thread 0x000002527720e010 Exception <a 'sun/nio/fs/WindowsException'{0x0000000705e88350}> (0x0000000705e88350) 
thrown [s\open\src\hotspot\share\prims\jni.cpp, line 518]
Event: 3.827 Thread 0x000002527720e010 Exception <a 'java/lang/NoSuchMethodError'{0x00000007133fd310}: 'java.lang.Object java.lang.invoke.DirectMethodHandle$Holder.newInvokeSpecial(java.lang.Object, java.lang.Object, int, java.lang.Object, java.lang.Object)'> (0x00000007133fd310) 
thrown [s\open\src\hotspot\share\interpreter\linkResolver.cpp, line 805]
Event: 4.359 Thread 0x00000252773121b0 Exception <a 'java/lang/NoSuchMethodError'{0x0000000710403d28}: 'java.lang.Object java.lang.invoke.DirectMethodHandle$Holder.invokeInterface(java.lang.Object, java.lang.Object, java.lang.Object, java.lang.Object, java.lang.Object, java.lang.Object, java.lang.Object)'> (0x0000000710403d28) 
thrown [s\open\src\hotspot\share\interpreter\linkResolver.cpp, line 805]
Event: 44.342 Thread 0x00000252786c4290 Exception <a 'java/lang/NoSuchMethodError'{0x000000070fd71670}: 'java.lang.Object java.lang.invoke.DirectMethodHandle$Holder.invokeSpecial(java.lang.Object, java.lang.Object, java.lang.Object, java.lang.Object, java.lang.Object, long)'> (0x000000070fd71670) 
thrown [s\open\src\hotspot\share\interpreter\linkResolver.cpp, line 805]
Event: 44.342 Thread 0x00000252786c4290 Exception <a 'java/lang/NoSuchMethodError'{0x000000070fd79f90}: 'java.lang.Object java.lang.invoke.DirectMethodHandle$Holder.invokeSpecial(java.lang.Object, java.lang.Object, java.lang.Object, java.lang.Object, java.lang.Object, java.lang.Object, long)'> (0x000000070fd79f90) 
thrown [s\open\src\hotspot\share\interpreter\linkResolver.cpp, line 805]
Event: 44.342 Thread 0x00000252786c4290 Exception <a 'java/lang/NoSuchMethodError'{0x000000070fd8b298}: 'java.lang.Object java.lang.invoke.DelegatingMethodHandle$Holder.reinvoke_L(java.lang.Object, java.lang.Object, java.lang.Object, java.lang.Object, java.lang.Object, long)'> (0x000000070fd8b298) 
thrown [s\open\src\hotspot\share\interpreter\linkResolver.cpp, line 805]
Event: 44.343 Thread 0x00000252786c4290 Exception <a 'java/lang/NoSuchMethodError'{0x000000070fd9b698}: 'java.lang.Object java.lang.invoke.Invokers$Holder.linkToTargetMethod(java.lang.Object, java.lang.Object, java.lang.Object, long, java.lang.Object)'> (0x000000070fd9b698) 
thrown [s\open\src\hotspot\share\interpreter\linkResolver.cpp, line 805]
Event: 44.387 Thread 0x00000252786c4290 Exception <a 'java/lang/NoSuchMethodError'{0x00000007ffeb4c00}: 'int java.lang.invoke.DirectMethodHandle$Holder.invokeVirtual(java.lang.Object, java.lang.Object, java.lang.Object)'> (0x00000007ffeb4c00) 
thrown [s\open\src\hotspot\share\interpreter\linkResolver.cpp, line 805]
Event: 44.388 Thread 0x00000252786c4290 Exception <a 'java/lang/NoSuchMethodError'{0x00000007ffee30d0}: 'java.lang.Object java.lang.invoke.DirectMethodHandle$Holder.invokeStatic(java.lang.Object, int, int)'> (0x00000007ffee30d0) 
thrown [s\open\src\hotspot\share\interpreter\linkResolver.cpp, line 805]
Event: 117.747 Thread 0x000002522ddf0b50 Exception <a 'java/lang/NoSuchMethodError'{0x000000070faedff0}: 'void java.lang.invoke.DirectMethodHandle$Holder.invokeStaticInit(java.lang.Object)'> (0x000000070faedff0) 
thrown [s\open\src\hotspot\share\interpreter\linkResolver.cpp, line 805]
Event: 117.781 Thread 0x000002522ddf0b50 Exception <a 'java/lang/NoSuchMethodError'{0x0000000706a8b568}: 'void java.lang.invoke.DirectMethodHandle$Holder.invokeSpecial(java.lang.Object, java.lang.Object, int)'> (0x0000000706a8b568) 
thrown [s\open\src\hotspot\share\interpreter\linkResolver.cpp, line 805]
Event: 117.781 Thread 0x000002522ddf0b50 Exception <a 'java/lang/NoSuchMethodError'{0x0000000706a93188}: 'void java.lang.invoke.Invokers$Holder.invokeExact_MT(java.lang.Object, int, java.lang.Object)'> (0x0000000706a93188) 
thrown [s\open\src\hotspot\share\interpreter\linkResolver.cpp, line 805]
Event: 117.782 Thread 0x000002522ddf0b50 Exception <a 'java/lang/NoSuchMethodError'{0x0000000706ab46a8}: 'java.lang.Object java.lang.invoke.DirectMethodHandle$Holder.newInvokeSpecial(java.lang.Object, java.lang.Object, int)'> (0x0000000706ab46a8) 
thrown [s\open\src\hotspot\share\interpreter\linkResolver.cpp, line 805]
Event: 117.784 Thread 0x000002522ddf0b50 Exception <a 'sun/nio/fs/WindowsException'{0x0000000706ae85e0}> (0x0000000706ae85e0) 
thrown [s\open\src\hotspot\share\prims\jni.cpp, line 518]
Event: 117.785 Thread 0x000002522ddf0b50 Exception <a 'sun/nio/fs/WindowsException'{0x0000000706af53d8}> (0x0000000706af53d8) 
thrown [s\open\src\hotspot\share\prims\jni.cpp, line 518]
Event: 117.787 Thread 0x000002522ddf0b50 Exception <a 'sun/nio/fs/WindowsException'{0x0000000706b16df8}> (0x0000000706b16df8) 
thrown [s\open\src\hotspot\share\prims\jni.cpp, line 518]

VM Operations (20 events):
Event: 3.694 Executing VM operation: HandshakeAllThreads (Deoptimize)
Event: 3.694 Executing VM operation: HandshakeAllThreads (Deoptimize) done
Event: 3.780 Executing VM operation: G1CollectForAllocation (G1 Evacuation Pause)
Event: 3.784 Executing VM operation: G1CollectForAllocation (G1 Evacuation Pause) done
Event: 44.324 Executing VM operation: HandshakeAllThreads (Deoptimize)
Event: 44.324 Executing VM operation: HandshakeAllThreads (Deoptimize) done
Event: 44.353 Executing VM operation: HandshakeAllThreads (Deoptimize)
Event: 44.353 Executing VM operation: HandshakeAllThreads (Deoptimize) done
Event: 44.358 Executing VM operation: CollectForMetadataAllocation (Metadata GC Threshold)
Event: 44.362 Executing VM operation: CollectForMetadataAllocation (Metadata GC Threshold) done
Event: 44.373 Executing VM operation: G1PauseRemark
Event: 44.376 Executing VM operation: G1PauseRemark done
Event: 44.380 Executing VM operation: G1PauseCleanup
Event: 44.380 Executing VM operation: G1PauseCleanup done
Event: 60.075 Executing VM operation: HandshakeAllThreads (HandshakeForDeflation)
Event: 60.075 Executing VM operation: HandshakeAllThreads (HandshakeForDeflation) done
Event: 60.075 Executing VM operation: RendezvousGCThreads
Event: 60.075 Executing VM operation: RendezvousGCThreads done
Event: 117.806 Executing VM operation: JFRSafepointClear
Event: 117.806 Executing VM operation: JFRSafepointClear done

Memory protections (0 events):
No events

Nmethod flushes (20 events):
Event: 44.375 Thread 0x000002522dddab50 flushing  nmethod 0x0000025225d15188
Event: 44.375 Thread 0x000002522dddab50 flushing  nmethod 0x0000025225d49188
Event: 44.375 Thread 0x000002522dddab50 flushing  nmethod 0x0000025225d88d88
Event: 44.375 Thread 0x000002522dddab50 flushing  nmethod 0x00000252254e3008
Event: 44.375 Thread 0x000002522dddab50 flushing osr nmethod 0x0000025225755308
Event: 44.375 Thread 0x000002522dddab50 flushing  nmethod 0x0000025225cc4588
Event: 44.375 Thread 0x000002522dddab50 flushing  nmethod 0x0000025225922108
Event: 44.375 Thread 0x000002522dddab50 flushing  nmethod 0x00000252259c5208
Event: 44.375 Thread 0x000002522dddab50 flushing  nmethod 0x0000025225c8e608
Event: 44.375 Thread 0x000002522dddab50 flushing  nmethod 0x0000025225d8eb88
Event: 44.375 Thread 0x000002522dddab50 flushing  nmethod 0x0000025225d92388
Event: 44.375 Thread 0x000002522dddab50 flushing  nmethod 0x0000025225d95208
Event: 44.375 Thread 0x000002522dddab50 flushing  nmethod 0x00000252258b7f08
Event: 44.375 Thread 0x000002522dddab50 flushing  nmethod 0x00000252258f0308
Event: 44.375 Thread 0x000002522dddab50 flushing  nmethod 0x00000252258f0888
Event: 44.375 Thread 0x000002522dddab50 flushing  nmethod 0x00000252258f4e88
Event: 44.375 Thread 0x000002522dddab50 flushing  nmethod 0x0000025225960308
Event: 44.375 Thread 0x000002522dddab50 flushing  nmethod 0x0000025225d05088
Event: 44.375 Thread 0x000002522dddab50 flushing  nmethod 0x0000025225d9d208
Event: 44.375 Thread 0x000002522dddab50 flushing  nmethod 0x0000025225df9388

Events (20 events):
Event: 57.681 Thread 0x00000252777bd2e0 Thread exited: 0x00000252777bd2e0
Event: 60.043 Thread 0x000002522ddfc530 Thread added: 0x00000252777bda70
Event: 68.903 Thread 0x00000252777bda70 Thread exited: 0x00000252777bda70
Event: 73.378 Thread 0x000002522ddfc530 Thread added: 0x00000252777bb4a0
Event: 74.630 Thread 0x00000252777bb4a0 Thread exited: 0x00000252777bb4a0
Event: 74.631 Thread 0x000002522ddfc530 Thread added: 0x00000252777bd2e0
Event: 74.631 Thread 0x00000252777bd2e0 Thread added: 0x00000252777bbc30
Event: 74.631 Thread 0x00000252777bd2e0 Thread added: 0x00000252777bda70
Event: 77.505 Thread 0x00000252786c2550 Thread added: 0x000002527730f5d0
Event: 77.506 Thread 0x00000252777bbc30 Thread exited: 0x00000252777bbc30
Event: 77.506 Thread 0x00000252777bda70 Thread exited: 0x00000252777bda70
Event: 85.779 Thread 0x00000252777bd2e0 Thread exited: 0x00000252777bd2e0
Event: 85.781 Thread 0x000002522ddfc530 Thread added: 0x00000252777bda70
Event: 105.856 Thread 0x0000025272b68560 Thread exited: 0x0000025272b68560
Event: 114.201 Thread 0x00000252777bda70 Thread exited: 0x00000252777bda70
Event: 117.746 Thread 0x000002522ddf0b50 Thread added: 0x00000252725dd510
Event: 117.766 Thread 0x000002522ddfc530 Thread added: 0x00000252777bad10
Event: 117.766 Thread 0x000002522ddfc530 Thread added: 0x00000252777bda70
Event: 117.766 Thread 0x000002522ddfc530 Thread added: 0x0000025278f4ffe0
Event: 117.782 Thread 0x000002522ddf0b50 Thread added: 0x00000252725db080


Dynamic libraries:
0x00007ff761ed0000 - 0x00007ff761ede000 	C:\Users\gs556\.jdks\openjdk-24\bin\java.exe
0x00007ff953b00000 - 0x00007ff953d60000 	C:\WINDOWS\SYSTEM32\ntdll.dll
0x00007ff952ca0000 - 0x00007ff952d67000 	C:\WINDOWS\System32\KERNEL32.DLL
0x00007ff950ce0000 - 0x00007ff9510aa000 	C:\WINDOWS\System32\KERNELBASE.dll
0x00007ff9514e0000 - 0x00007ff95162b000 	C:\WINDOWS\System32\ucrtbase.dll
0x00007ff919d00000 - 0x00007ff919d16000 	C:\Users\gs556\.jdks\openjdk-24\bin\jli.dll
0x00007ff9281c0000 - 0x00007ff9281db000 	C:\Users\gs556\.jdks\openjdk-24\bin\VCRUNTIME140.dll
0x00007ff9519f0000 - 0x00007ff951bbc000 	C:\WINDOWS\System32\USER32.dll
0x00007ff9514b0000 - 0x00007ff9514d7000 	C:\WINDOWS\System32\win32u.dll
0x00007ff925b80000 - 0x00007ff925e17000 	C:\WINDOWS\WinSxS\amd64_microsoft.windows.common-controls_6595b64144ccf1df_6.0.26100.3624_none_3e086962e3345f24\COMCTL32.dll
0x00007ff953a90000 - 0x00007ff953aba000 	C:\WINDOWS\System32\GDI32.dll
0x00007ff953140000 - 0x00007ff9531e9000 	C:\WINDOWS\System32\msvcrt.dll
0x00007ff9510b0000 - 0x00007ff9511e1000 	C:\WINDOWS\System32\gdi32full.dll
0x00007ff951370000 - 0x00007ff951413000 	C:\WINDOWS\System32\msvcp_win.dll
0x00007ff952e30000 - 0x00007ff952e5f000 	C:\WINDOWS\System32\IMM32.DLL
0x00007ff92c0f0000 - 0x00007ff92c0fc000 	C:\Users\gs556\.jdks\openjdk-24\bin\vcruntime140_1.dll
0x00007ff8ed870000 - 0x00007ff8ed8fe000 	C:\Users\gs556\.jdks\openjdk-24\bin\msvcp140.dll
0x00007ff898270000 - 0x00007ff899012000 	C:\Users\gs556\.jdks\openjdk-24\bin\server\jvm.dll
0x00007ff952ad0000 - 0x00007ff952b82000 	C:\WINDOWS\System32\ADVAPI32.dll
0x00007ff953210000 - 0x00007ff9532b6000 	C:\WINDOWS\System32\sechost.dll
0x00007ff953750000 - 0x00007ff953866000 	C:\WINDOWS\System32\RPCRT4.dll
0x00007ff953010000 - 0x00007ff953084000 	C:\WINDOWS\System32\WS2_32.dll
0x00007ff94f930000 - 0x00007ff94f98e000 	C:\WINDOWS\SYSTEM32\POWRPROF.dll
0x00007ff93c600000 - 0x00007ff93c636000 	C:\WINDOWS\SYSTEM32\WINMM.dll
0x00007ff947010000 - 0x00007ff94701b000 	C:\WINDOWS\SYSTEM32\VERSION.dll
0x00007ff94f910000 - 0x00007ff94f924000 	C:\WINDOWS\SYSTEM32\UMPDC.dll
0x00007ff94fc10000 - 0x00007ff94fc2a000 	C:\WINDOWS\SYSTEM32\kernel.appcore.dll
0x00007ff928a60000 - 0x00007ff928a6a000 	C:\Users\gs556\.jdks\openjdk-24\bin\jimage.dll
0x00007ff94e4a0000 - 0x00007ff94e6e1000 	C:\WINDOWS\SYSTEM32\DBGHELP.DLL
0x00007ff952730000 - 0x00007ff952ab2000 	C:\WINDOWS\System32\combase.dll
0x00007ff951e20000 - 0x00007ff951ef6000 	C:\WINDOWS\System32\OLEAUT32.dll
0x00007ff8ea670000 - 0x00007ff8ea6a9000 	C:\WINDOWS\SYSTEM32\dbgcore.DLL
0x00007ff9516f0000 - 0x00007ff951789000 	C:\WINDOWS\System32\bcryptPrimitives.dll
0x00007ff94b000000 - 0x00007ff94b00f000 	C:\Users\gs556\.jdks\openjdk-24\bin\instrument.dll
0x00007ff925120000 - 0x00007ff92513e000 	C:\Users\gs556\.jdks\openjdk-24\bin\java.dll
0x00007ff952e70000 - 0x00007ff953006000 	C:\WINDOWS\System32\ole32.dll
0x00007ff951f00000 - 0x00007ff952629000 	C:\WINDOWS\System32\SHELL32.dll
0x00007ff951790000 - 0x00007ff9518f8000 	C:\WINDOWS\System32\wintypes.dll
0x00007ff94e980000 - 0x00007ff94f1d2000 	C:\WINDOWS\SYSTEM32\windows.storage.dll
0x00007ff952bb0000 - 0x00007ff952c9d000 	C:\WINDOWS\System32\SHCORE.dll
0x00007ff951980000 - 0x00007ff9519e4000 	C:\WINDOWS\System32\shlwapi.dll
0x00007ff950bf0000 - 0x00007ff950c1f000 	C:\WINDOWS\SYSTEM32\profapi.dll
0x00007ff922b00000 - 0x00007ff922b17000 	C:\Users\gs556\.jdks\openjdk-24\bin\zip.dll
0x00007ff928160000 - 0x00007ff928170000 	C:\Users\gs556\.jdks\openjdk-24\bin\net.dll
0x00007ff950130000 - 0x00007ff95019a000 	C:\WINDOWS\system32\mswsock.dll
0x00007ff919ce0000 - 0x00007ff919cf6000 	C:\Users\gs556\.jdks\openjdk-24\bin\nio.dll
0x00007ff925110000 - 0x00007ff925119000 	C:\Users\gs556\.jdks\openjdk-24\bin\extnet.dll
0x00007ff94f5f0000 - 0x00007ff94f715000 	C:\WINDOWS\SYSTEM32\DNSAPI.dll
0x00007ff94f560000 - 0x00007ff94f593000 	C:\WINDOWS\SYSTEM32\IPHLPAPI.DLL
0x00007ff952ac0000 - 0x00007ff952aca000 	C:\WINDOWS\System32\NSI.dll
0x00007ff93ee20000 - 0x00007ff93ee2b000 	C:\Windows\System32\rasadhlp.dll
0x00007ff944db0000 - 0x00007ff944e35000 	C:\WINDOWS\System32\fwpuclnt.dll
0x00007ff948f90000 - 0x00007ff948f9a000 	C:\Users\gs556\.jdks\openjdk-24\bin\management.dll
0x00007ff948f80000 - 0x00007ff948f8b000 	C:\Users\gs556\.jdks\openjdk-24\bin\management_ext.dll
0x00007ff952ba0000 - 0x00007ff952ba8000 	C:\WINDOWS\System32\PSAPI.DLL
0x00007ff9503e0000 - 0x00007ff9503fc000 	C:\WINDOWS\SYSTEM32\CRYPTSP.dll
0x00007ff94fb50000 - 0x00007ff94fb8a000 	C:\WINDOWS\system32\rsaenh.dll
0x00007ff9501d0000 - 0x00007ff9501fb000 	C:\WINDOWS\SYSTEM32\USERENV.dll
0x00007ff950bc0000 - 0x00007ff950be6000 	C:\WINDOWS\SYSTEM32\bcrypt.dll
0x00007ff9503d0000 - 0x00007ff9503dc000 	C:\WINDOWS\SYSTEM32\CRYPTBASE.dll
0x00007ff915000000 - 0x00007ff915018000 	C:\WINDOWS\system32\napinsp.dll
0x00007ff90b430000 - 0x00007ff90b442000 	C:\WINDOWS\System32\winrnr.dll
0x00007ff9423b0000 - 0x00007ff9423e0000 	C:\WINDOWS\system32\nlansp_c.dll
0x00007ff946060000 - 0x00007ff946076000 	C:\WINDOWS\system32\wshbth.dll
0x00007ff91fd70000 - 0x00007ff91fd7e000 	C:\Users\gs556\.jdks\openjdk-24\bin\sunmscapi.dll
0x00007ff9511f0000 - 0x00007ff951367000 	C:\WINDOWS\System32\CRYPT32.dll
0x00007ff9505d0000 - 0x00007ff950600000 	C:\WINDOWS\SYSTEM32\ncrypt.dll
0x00007ff950580000 - 0x00007ff9505bf000 	C:\WINDOWS\SYSTEM32\NTASN1.dll
0x00007ff922ad0000 - 0x00007ff922ae0000 	C:\Users\gs556\.jdks\openjdk-24\bin\verify.dll
0x00007ff9295a0000 - 0x00007ff9295a8000 	C:\WINDOWS\system32\wshunix.dll
0x00007ff8a5b70000 - 0x00007ff8a5d7e000 	C:\Users\gs556\AppData\Local\Temp\idea_libasyncProfiler_dll_temp_folder\libasyncProfiler.dll

dbghelp: loaded successfully - version: 4.0.5 - missing functions: none
symbol engine: initialized successfully - sym options: 0x614 - pdb path: .;C:\Users\gs556\.jdks\openjdk-24\bin;C:\WINDOWS\SYSTEM32;C:\WINDOWS\WinSxS\amd64_microsoft.windows.common-controls_6595b64144ccf1df_6.0.26100.3624_none_3e086962e3345f24;C:\Users\gs556\.jdks\openjdk-24\bin\server;C:\Users\gs556\AppData\Local\Temp\idea_libasyncProfiler_dll_temp_folder

VM Arguments:
jvm_args: -XX:TieredStopAtLevel=1 -Dspring.output.ansi.enabled=always -Dcom.sun.management.jmxremote -Dspring.jmx.enabled=true -Dspring.liveBeansView.mbeanDomain -Dspring.application.admin.enabled=true -Dmanagement.endpoints.jmx.exposure.include=* -javaagent:C:\Program Files\JetBrains\IntelliJ IDEA 2024.3.5\lib\idea_rt.jar=52310 -Dfile.encoding=UTF-8 -Dsun.stdout.encoding=UTF-8 -Dsun.stderr.encoding=UTF-8 
java_command: com.example.provapw1.ProvaPw1Application
java_class_path (initial): C:\Users\gs556\Git\Prova-PW-1\target\classes;C:\Users\gs556\.m2\repository\org\springframework\boot\spring-boot-starter-web\3.4.4\spring-boot-starter-web-3.4.4.jar;C:\Users\gs556\.m2\repository\org\springframework\boot\spring-boot-starter\3.4.4\spring-boot-starter-3.4.4.jar;C:\Users\gs556\.m2\repository\org\springframework\boot\spring-boot-starter-logging\3.4.4\spring-boot-starter-logging-3.4.4.jar;C:\Users\gs556\.m2\repository\ch\qos\logback\logback-classic\1.5.18\logback-classic-1.5.18.jar;C:\Users\gs556\.m2\repository\ch\qos\logback\logback-core\1.5.18\logback-core-1.5.18.jar;C:\Users\gs556\.m2\repository\org\apache\logging\log4j\log4j-to-slf4j\2.24.3\log4j-to-slf4j-2.24.3.jar;C:\Users\gs556\.m2\repository\org\apache\logging\log4j\log4j-api\2.24.3\log4j-api-2.24.3.jar;C:\Users\gs556\.m2\repository\org\slf4j\jul-to-slf4j\2.0.17\jul-to-slf4j-2.0.17.jar;C:\Users\gs556\.m2\repository\jakarta\annotation\jakarta.annotation-api\2.1.1\jakarta.annotation-api-2.1.1.jar;C:\Users\gs556\.m2\repository\org\yaml\snakeyaml\2.3\snakeyaml-2.3.jar;C:\Users\gs556\.m2\repository\org\springframework\boot\spring-boot-starter-json\3.4.4\spring-boot-starter-json-3.4.4.jar;C:\Users\gs556\.m2\repository\com\fasterxml\jackson\core\jackson-databind\2.18.3\jackson-databind-2.18.3.jar;C:\Users\gs556\.m2\repository\com\fasterxml\jackson\core\jackson-annotations\2.18.3\jackson-annotations-2.18.3.jar;C:\Users\gs556\.m2\repository\com\fasterxml\jackson\core\jackson-core\2.18.3\jackson-core-2.18.3.jar;C:\Users\gs556\.m2\repository\com\fasterxml\jackson\datatype\jackson-datatype-jdk8\2.18.3\jackson-datatype-jdk8-2.18.3.jar;C:\Users\gs556\.m2\repository\com\fasterxml\jackson\datatype\jackson-datatype-jsr310\2.18.3\jackson-datatype-jsr310-2.18.3.jar;C:\Users\gs556\.m2\repository\com\fasterxml\jackson\module\jackson-module-parameter-names\2.18.3\jackson-module-parameter-names-2.18.3.jar;C:\Users\gs556\.m2\repository\org\springframework\boot\spring-boot-starter-tomcat\3.4.4\spring-boot-starter-tomcat-3.4.4.jar;C:\Users\gs556\.m2\repository\org\apache\tomcat\embed\tomcat-embed-core\10.1.39\tomcat-embed-core-10.1.39.jar;C:\Users\gs556\.m2\repository\org\apache\tomcat\embed\tomcat-embed-websocket\10.1.39\tomcat-embed-websocket-10.1.39.jar;C:\Users\gs556\.m2\repository\org\springframework\spring-web\6.2.5\spring-web-6.2.5.jar;C:\Users\gs556\.m2\repository\org\springframework\spring-beans\6.2.5\spring-beans-6.2.5.jar;C:\Users\gs556\.m2\repository\io\micrometer\micrometer-observation\1.14.5\micrometer-observation-1.14.5.jar;C:\Users\gs556\.m2\repository\io\micrometer\micrometer-commons\1.14.5\micrometer-commons-1.14.5.jar;C:\Users\gs556\.m2\repository\org\springframework\spring-webmvc\6.2.5\spring-webmvc-6.2.5.jar;C:\Users\gs556\.m2\repository\org\springframework\spring-context\6.2.5\spring-context-6.2.5.jar;C:\Users\gs556\.m2\repository\org\springframework\spring-expression\6.2.5\spring-expression-6.2.5.jar;C:\Users\gs556\.m2\repository\org\springframework\boot\spring-boot-devtools\3.4.4\spring-boot-devtools-3.4.4.jar;C:\Users\gs556\.m2\repository\org\springframework\boot\spring-boot\3.4.4\spring-boot-3.4.4.jar;C:\Users\gs556\.m2\repository\org\springframework\boot\spring-boot-autoconfigure\3.4.4\spring-boot-autoconfigure-3.4.4.jar;C:\Users\gs556\.m2\repository\org\slf4j\slf4j-api\2.0.17\slf4j-api-2.0.17.jar;C:\Users\gs556\.m2\repository\jakarta\xml\bind\jakarta.xml.bind-api\4.0.2\jakarta.xml.bind-api-4.0.2.jar;C:\Users\gs556\.m2\repository\jakarta\activation\jakarta.activation-api\2.1.3\jakarta.activation-api-2.1.3.jar;C:\Users\gs556\.m2\repository\net\bytebuddy\byte-buddy\1.15.11\byte-buddy-1.15.11.jar;C:\Users\gs556\.m2\repository\org\springframework\spring-core\6.2.5\spring-core-6.2.5.jar;C:\Users\gs556\.m2\repository\org\springframework\spring-jcl\6.2.5\spring-jcl-6.2.5.jar;C:\Users\gs556\.m2\repository\org\springframework\boot\spring-boot-starter-thymeleaf\3.4.4\spring-boot-starter-thymeleaf-3.4.4.jar;C:\Users\gs556\.m2\repository\org\thymeleaf\thymeleaf-spring6\3.1.3.RELEASE\thymeleaf-spring6-3.1.3.RELEASE.jar;C:\Users\gs556\.m2\repository\org\thymeleaf\thymeleaf\3.1.3.RELEASE\thymeleaf-3.1.3.RELEASE.jar;C:\Users\gs556\.m2\repository\org\attoparser\attoparser\2.0.7.RELEASE\attoparser-2.0.7.RELEASE.jar;C:\Users\gs556\.m2\repository\org\unbescape\unbescape\1.1.6.RELEASE\unbescape-1.1.6.RELEASE.jar;C:\Users\gs556\.m2\repository\org\springframework\boot\spring-boot-starter-validation\3.4.4\spring-boot-starter-validation-3.4.4.jar;C:\Users\gs556\.m2\repository\org\apache\tomcat\embed\tomcat-embed-el\10.1.39\tomcat-embed-el-10.1.39.jar;C:\Users\gs556\.m2\repository\org\hibernate\validator\hibernate-validator\8.0.2.Final\hibernate-validator-8.0.2.Final.jar;C:\Users\gs556\.m2\repository\jakarta\validation\jakarta.validation-api\3.0.2\jakarta.validation-api-3.0.2.jar;C:\Users\gs556\.m2\repository\org\jboss\logging\jboss-logging\3.6.1.Final\jboss-logging-3.6.1.Final.jar;C:\Users\gs556\.m2\repository\com\fasterxml\classmate\1.7.0\classmate-1.7.0.jar;C:\Users\gs556\.m2\repository\org\springframework\boot\spring-boot-starter-data-jpa\3.4.4\spring-boot-starter-data-jpa-3.4.4.jar;C:\Users\gs556\.m2\repository\org\springframework\boot\spring-boot-starter-jdbc\3.4.4\spring-boot-starter-jdbc-3.4.4.jar;C:\Users\gs556\.m2\repository\com\zaxxer\HikariCP\5.1.0\HikariCP-5.1.0.jar;C:\Users\gs556\.m2\repository\org\springframework\spring-jdbc\6.2.5\spring-jdbc-6.2.5.jar;C:\Users\gs556\.m2\repository\org\hibernate\orm\hibernate-core\6.6.11.Final\hibernate-core-6.6.11.Final.jar;C:\Users\gs556\.m2\repository\jakarta\persistence\jakarta.persistence-api\3.1.0\jakarta.persistence-api-3.1.0.jar;C:\Users\gs556\.m2\repository\jakarta\transaction\jakarta.transaction-api\2.0.1\jakarta.transaction-api-2.0.1.jar;C:\Users\gs556\.m2\repository\org\hibernate\common\hibernate-commons-annotations\7.0.3.Final\hibernate-commons-annotations-7.0.3.Final.jar;C:\Users\gs556\.m2\repository\io\smallrye\jandex\3.2.0\jandex-3.2.0.jar;C:\Users\gs556\.m2\repository\org\glassfish\jaxb\jaxb-runtime\4.0.5\jaxb-runtime-4.0.5.jar;C:\Users\gs556\.m2\repository\org\glassfish\jaxb\jaxb-core\4.0.5\jaxb-core-4.0.5.jar;C:\Users\gs556\.m2\repository\org\eclipse\angus\angus-activation\2.0.2\angus-activation-2.0.2.jar;C:\Users\gs556\.m2\repository\org\glassfish\jaxb\txw2\4.0.5\txw2-4.0.5.jar;C:\Users\gs556\.m2\repository\com\sun\istack\istack-commons-runtime\4.1.2\istack-commons-runtime-4.1.2.jar;C:\Users\gs556\.m2\repository\jakarta\inject\jakarta.inject-api\2.0.1\jakarta.inject-api-2.0.1.jar;C:\Users\gs556\.m2\repository\org\antlr\antlr4-runtime\4.13.0\antlr4-runtime-4.13.0.jar;C:\Users\gs556\.m2\repository\org\springframework\data\spring-data-jpa\3.4.4\spring-data-jpa-3.4.4.jar;C:\Users\gs556\.m2\repository\org\springframework\data\spring-data-commons\3.4.4\spring-data-commons-3.4.4.jar;C:\Users\gs556\.m2\repository\org\springframework\spring-orm\6.2.5\spring-orm-6.2.5.jar;C:\Users\gs556\.m2\repository\org\springframework\spring-tx\6.2.5\spring-tx-6.2.5.jar;C:\Users\gs556\.m2\repository\org\springframework\spring-aspects\6.2.5\spring-aspects-6.2.5.jar;C:\Users\gs556\.m2\repository\org\aspectj\aspectjweaver\1.9.23\aspectjweaver-1.9.23.jar;C:\Users\gs556\.m2\repository\com\h2database\h2\2.3.232\h2-2.3.232.jar;C:\Users\gs556\.m2\repository\org\springframework\boot\spring-boot-starter-security\3.4.4\spring-boot-starter-security-3.4.4.jar;C:\Users\gs556\.m2\repository\org\springframework\spring-aop\6.2.5\spring-aop-6.2.5.jar;C:\Users\gs556\.m2\repository\org\springframework\security\spring-security-config\6.4.4\spring-security-config-6.4.4.jar;C:\Users\gs556\.m2\repository\org\springframework\security\spring-security-core\6.4.4\spring-security-core-6.4.4.jar;C:\Users\gs556\.m2\repository\org\springframework\security\spring-security-crypto\6.4.4\spring-security-crypto-6.4.4.jar;C:\Users\gs556\.m2\repository\org\springframework\security\spring-security-web\6.4.4\spring-security-web-6.4.4.jar
Launcher Type: SUN_STANDARD

[Global flags]
     intx CICompilerCount                          = 12                                        {product} {ergonomic}
     uint ConcGCThreads                            = 3                                         {product} {ergonomic}
     bool FlightRecorder                           = true                                      {product} {management}
     uint G1ConcRefinementThreads                  = 13                                        {product} {ergonomic}
   size_t G1HeapRegionSize                         = 2097152                                   {product} {ergonomic}
   size_t InitialHeapSize                          = 266338304                                 {product} {ergonomic}
     bool ManagementServer                         = true                                      {product} {command line}
   size_t MarkStackSize                            = 4194304                                   {product} {ergonomic}
   size_t MarkStackSizeMax                         = 536870912                                 {product} {ergonomic}
   size_t MaxHeapSize                              = 4238344192                                {product} {ergonomic}
   size_t MaxNewSize                               = 2541748224                                {product} {ergonomic}
   size_t MinHeapDeltaBytes                        = 2097152                                   {product} {ergonomic}
   size_t MinHeapSize                              = 8388608                                   {product} {ergonomic}
    uintx NonNMethodCodeHeapSize                   = 4096                                   {pd product} {ergonomic}
    uintx NonProfiledCodeHeapSize                  = 0                                      {pd product} {ergonomic}
     bool ProfileInterpreter                       = false                                  {pd product} {command line}
    uintx ProfiledCodeHeapSize                     = 0                                      {pd product} {ergonomic}
   size_t SoftMaxHeapSize                          = 4238344192                             {manageable} {ergonomic}
     intx TieredStopAtLevel                        = 1                                         {product} {command line}
     bool UseCompressedOops                        = true                           {product lp64_product} {ergonomic}
     bool UseG1GC                                  = true                                      {product} {ergonomic}
     bool UseLargePagesIndividualAllocation        = false                                  {pd product} {ergonomic}

Logging:
Log output configuration:
 #0: stdout all=warning uptime,level,tags foldmultilines=false
 #1: stderr all=off uptime,level,tags foldmultilines=false

Environment Variables:
PATH=C:\WINDOWS\system32;C:\WINDOWS;C:\WINDOWS\System32\Wbem;C:\WINDOWS\System32\WindowsPowerShell\v1.0\;C:\WINDOWS\System32\OpenSSH\;C:\Program Files\Git\cmd;C:\Program Files (x86)\NVIDIA Corporation\PhysX\Common;C:\Program Files\Docker\Docker\resources\bin;C:\Users\gs556\AppData\Local\Microsoft\WindowsApps;C:\Users\gs556\AppData\Local\Programs\Microsoft VS Code\bin
USERNAME=gs556
OS=Windows_NT
PROCESSOR_IDENTIFIER=Intel64 Family 6 Model 141 Stepping 1, GenuineIntel
TMP=C:\Users\gs556\AppData\Local\Temp
TEMP=C:\Users\gs556\AppData\Local\Temp




Periodic native trim disabled

---------------  S Y S T E M  ---------------

OS:
 Windows 11 , 64 bit Build 26100 (10.0.26100.3775)
OS uptime: 0 days 16:19 hours
Hyper-V role detected

CPU: total 16 (initial active 16) (8 cores per cpu, 2 threads per core) family 6 model 141 stepping 1 microcode 0x3c, cx8, cmov, fxsr, ht, mmx, 3dnowpref, sse, sse2, sse3, ssse3, sse4.1, sse4.2, popcnt, lzcnt, tsc, tscinvbit, avx, avx2, aes, erms, clmul, bmi1, bmi2, adx, avx512f, avx512dq, avx512cd, avx512bw, avx512vl, sha, fma, vzeroupper, avx512_vpopcntdq, avx512_vpclmulqdq, avx512_vaes, avx512_vnni, clflush, clflushopt, clwb, avx512_vbmi2, avx512_vbmi, hv, rdtscp, rdpid, fsrm, gfni, avx512_bitalg, f16c, cet_ibt, cet_ss, avx512_ifma
Processor Information for the first 16 processors :
  Max Mhz: 2304, Current Mhz: 2304, Mhz Limit: 2304

Memory: 4k page, system-wide physical 16163M (4550M free)
TotalPageFile size 20771M (AvailPageFile size 5931M)
current process WorkingSet (physical memory assigned to process): 229M, peak: 229M
current process commit charge ("private bytes"): 303M, peak: 392M

vm_info: OpenJDK 64-Bit Server VM (24+36-3646) for windows-amd64 JRE (24+36-3646), built on 2025-02-06T00:20:43Z with MS VC++ 17.6 (VS2022)

END.
